17-Jan-2023 08:03:50.539 INFORMACIÓN [main] org.apache.catalina.startup.VersionLoggerListener.log Nombre de la versión del servidor: Apache Tomcat/10.0.5
17-Jan-2023 08:03:50.588 INFORMACIÓN [main] org.apache.catalina.startup.VersionLoggerListener.log Server built:                      Mar 30 2021 08:19:50 UTC
17-Jan-2023 08:03:50.588 INFORMACIÓN [main] org.apache.catalina.startup.VersionLoggerListener.log Número de versión de servidor:     10.0.5.0
17-Jan-2023 08:03:50.588 INFORMACIÓN [main] org.apache.catalina.startup.VersionLoggerListener.log OS Name:                           Windows 10
17-Jan-2023 08:03:50.588 INFORMACIÓN [main] org.apache.catalina.startup.VersionLoggerListener.log Versión de Systema Operativo:      10.0
17-Jan-2023 08:03:50.588 INFORMACIÓN [main] org.apache.catalina.startup.VersionLoggerListener.log Arquitectura:                      amd64
17-Jan-2023 08:03:50.588 INFORMACIÓN [main] org.apache.catalina.startup.VersionLoggerListener.log Java Home:                         C:\Program Files\BellSoft\LibericaJDK-17-Full
17-Jan-2023 08:03:50.588 INFORMACIÓN [main] org.apache.catalina.startup.VersionLoggerListener.log JVM Version:                       17.0.1+12-LTS
17-Jan-2023 08:03:50.596 INFORMACIÓN [main] org.apache.catalina.startup.VersionLoggerListener.log Vededor JVM:                       BellSoft
17-Jan-2023 08:03:50.596 INFORMACIÓN [main] org.apache.catalina.startup.VersionLoggerListener.log CATALINA_BASE:                     C:\catalina_base
17-Jan-2023 08:03:50.596 INFORMACIÓN [main] org.apache.catalina.startup.VersionLoggerListener.log CATALINA_HOME:                     C:\apache-tomcat-10.0.5
17-Jan-2023 08:03:50.617 INFORMACIÓN [main] org.apache.catalina.startup.VersionLoggerListener.log Command line argument:             --add-opens=java.base/java.lang=ALL-UNNAMED
17-Jan-2023 08:03:50.617 INFORMACIÓN [main] org.apache.catalina.startup.VersionLoggerListener.log Command line argument:             --add-opens=java.base/java.io=ALL-UNNAMED
17-Jan-2023 08:03:50.617 INFORMACIÓN [main] org.apache.catalina.startup.VersionLoggerListener.log Command line argument:             --add-opens=java.base/java.util=ALL-UNNAMED
17-Jan-2023 08:03:50.618 INFORMACIÓN [main] org.apache.catalina.startup.VersionLoggerListener.log Command line argument:             --add-opens=java.base/java.util.concurrent=ALL-UNNAMED
17-Jan-2023 08:03:50.618 INFORMACIÓN [main] org.apache.catalina.startup.VersionLoggerListener.log Command line argument:             --add-opens=java.rmi/sun.rmi.transport=ALL-UNNAMED
17-Jan-2023 08:03:50.618 INFORMACIÓN [main] org.apache.catalina.startup.VersionLoggerListener.log Command line argument:             -Djava.util.logging.config.file=C:\catalina_base\conf\logging.properties
17-Jan-2023 08:03:50.618 INFORMACIÓN [main] org.apache.catalina.startup.VersionLoggerListener.log Command line argument:             -Djava.util.logging.manager=org.apache.juli.ClassLoaderLogManager
17-Jan-2023 08:03:50.618 INFORMACIÓN [main] org.apache.catalina.startup.VersionLoggerListener.log Command line argument:             -Dhttp.nonProxyHosts=localhost|127.0.0.1|DESKTOP-MQT90FS
17-Jan-2023 08:03:50.619 INFORMACIÓN [main] org.apache.catalina.startup.VersionLoggerListener.log Command line argument:             -Djdk.tls.ephemeralDHKeySize=2048
17-Jan-2023 08:03:50.619 INFORMACIÓN [main] org.apache.catalina.startup.VersionLoggerListener.log Command line argument:             -Djava.protocol.handler.pkgs=org.apache.catalina.webresources
17-Jan-2023 08:03:50.619 INFORMACIÓN [main] org.apache.catalina.startup.VersionLoggerListener.log Command line argument:             -Dignore.endorsed.dirs=
17-Jan-2023 08:03:50.619 INFORMACIÓN [main] org.apache.catalina.startup.VersionLoggerListener.log Command line argument:             -Dcatalina.base=C:\catalina_base
17-Jan-2023 08:03:50.619 INFORMACIÓN [main] org.apache.catalina.startup.VersionLoggerListener.log Command line argument:             -Dcatalina.home=C:\apache-tomcat-10.0.5
17-Jan-2023 08:03:50.619 INFORMACIÓN [main] org.apache.catalina.startup.VersionLoggerListener.log Command line argument:             -Djava.io.tmpdir=C:\catalina_base\temp
17-Jan-2023 08:03:50.766 INFORMACIÓN [main] org.apache.catalina.core.AprLifecycleListener.lifecycleEvent Cargada la biblioteca nativa APR de Apache Tomcat [1.2.27] con la versión APR [1.7.0].
17-Jan-2023 08:03:50.766 INFORMACIÓN [main] org.apache.catalina.core.AprLifecycleListener.lifecycleEvent Capacidades APR: IPv6 [true], enviar fichero [true], aceptar filtros [false], aleatorio [true], UDS [true].
17-Jan-2023 08:03:50.805 INFORMACIÓN [main] org.apache.catalina.core.AprLifecycleListener.initializeSSL OpenSSL inicializado correctamente [OpenSSL 1.1.1k  25 Mar 2021]
17-Jan-2023 08:03:51.705 INFORMACIÓN [main] org.apache.coyote.AbstractProtocol.init Inicializando el manejador de protocolo ["http-nio-8080"]

17-Jan-2023 08:03:51.784 INFORMACIÓN [main] org.apache.catalina.startup.Catalina.load Server initialization in [1974] milliseconds
17-Jan-2023 08:03:51.911 INFORMACIÓN [main] org.apache.catalina.core.StandardService.startInternal Arrancando servicio [Catalina]
17-Jan-2023 08:03:51.911 INFORMACIÓN [main] org.apache.catalina.core.StandardEngine.startInternal Starting Servlet engine: [Apache Tomcat/10.0.5]
17-Jan-2023 08:03:51.932 INFORMACIÓN [main] org.apache.catalina.startup.HostConfig.deployDescriptor Desplieque del descriptor de configuración [C:\catalina_base\conf\Catalina\localhost\calculadorab.xml]
17-Jan-2023 08:03:51.978 ADVERTENCIA [main] org.apache.catalina.startup.HostConfig.deployDescriptor The path attribute with value [/calculadorab] in deployment descriptor [C:\catalina_base\conf\Catalina\localhost\calculadorab.xml] has been ignored
17-Jan-2023 08:03:54.954 INFORMACIÓN [main] org.apache.jasper.servlet.TldScanner.scanJars Al menos un JAR, que se ha explorado buscando TLDs, aún no contenía TLDs. Activar historial de depuración para este historiador para una completa lista de los JARs que fueron explorados y de los que nos se halló TLDs. Saltarse JARs no necesarios durante la exploración puede dar lugar a una mejora de tiempo significativa en el arranque y compilación de JSP .
17-Jan-2023 08:03:55.229 INFORMACIÓN [main] org.apache.catalina.startup.HostConfig.deployDescriptor Deployment of deployment descriptor [C:\catalina_base\conf\Catalina\localhost\calculadorab.xml] has finished in [3.293] ms
17-Jan-2023 08:03:55.230 INFORMACIÓN [main] org.apache.catalina.startup.HostConfig.deployDescriptor Desplieque del descriptor de configuración [C:\catalina_base\conf\Catalina\localhost\ecuacionSegundoGrado.xml]
17-Jan-2023 08:03:55.233 ADVERTENCIA [main] org.apache.catalina.startup.HostConfig.deployDescriptor The path attribute with value [/ecuacionSegundoGrado] in deployment descriptor [C:\catalina_base\conf\Catalina\localhost\ecuacionSegundoGrado.xml] has been ignored
17-Jan-2023 08:03:57.513 INFORMACIÓN [main] org.apache.jasper.servlet.TldScanner.scanJars Al menos un JAR, que se ha explorado buscando TLDs, aún no contenía TLDs. Activar historial de depuración para este historiador para una completa lista de los JARs que fueron explorados y de los que nos se halló TLDs. Saltarse JARs no necesarios durante la exploración puede dar lugar a una mejora de tiempo significativa en el arranque y compilación de JSP .
17-Jan-2023 08:03:57.667 INFORMACIÓN [main] org.apache.catalina.startup.HostConfig.deployDescriptor Deployment of deployment descriptor [C:\catalina_base\conf\Catalina\localhost\ecuacionSegundoGrado.xml] has finished in [2.437] ms
17-Jan-2023 08:03:57.669 INFORMACIÓN [main] org.apache.catalina.startup.HostConfig.deployDescriptor Desplieque del descriptor de configuración [C:\catalina_base\conf\Catalina\localhost\fletes.xml]
17-Jan-2023 08:03:57.675 ADVERTENCIA [main] org.apache.catalina.startup.HostConfig.deployDescriptor The path attribute with value [/fletes] in deployment descriptor [C:\catalina_base\conf\Catalina\localhost\fletes.xml] has been ignored
17-Jan-2023 08:03:59.154 INFORMACIÓN [main] org.apache.jasper.servlet.TldScanner.scanJars Al menos un JAR, que se ha explorado buscando TLDs, aún no contenía TLDs. Activar historial de depuración para este historiador para una completa lista de los JARs que fueron explorados y de los que nos se halló TLDs. Saltarse JARs no necesarios durante la exploración puede dar lugar a una mejora de tiempo significativa en el arranque y compilación de JSP .
17-Jan-2023 08:03:59.214 INFORMACIÓN [main] org.apache.catalina.startup.HostConfig.deployDescriptor Deployment of deployment descriptor [C:\catalina_base\conf\Catalina\localhost\fletes.xml] has finished in [1.546] ms
17-Jan-2023 08:03:59.215 INFORMACIÓN [main] org.apache.catalina.startup.HostConfig.deployDescriptor Desplieque del descriptor de configuración [C:\catalina_base\conf\Catalina\localhost\holarest.xml]
17-Jan-2023 08:03:59.218 ADVERTENCIA [main] org.apache.catalina.startup.HostConfig.deployDescriptor The path attribute with value [/holarest] in deployment descriptor [C:\catalina_base\conf\Catalina\localhost\holarest.xml] has been ignored
17-Jan-2023 08:04:00.566 INFORMACIÓN [main] org.apache.jasper.servlet.TldScanner.scanJars Al menos un JAR, que se ha explorado buscando TLDs, aún no contenía TLDs. Activar historial de depuración para este historiador para una completa lista de los JARs que fueron explorados y de los que nos se halló TLDs. Saltarse JARs no necesarios durante la exploración puede dar lugar a una mejora de tiempo significativa en el arranque y compilación de JSP .
17-Jan-2023 08:04:00.615 INFORMACIÓN [main] org.apache.catalina.startup.HostConfig.deployDescriptor Deployment of deployment descriptor [C:\catalina_base\conf\Catalina\localhost\holarest.xml] has finished in [1.400] ms
17-Jan-2023 08:04:00.616 INFORMACIÓN [main] org.apache.catalina.startup.HostConfig.deployDescriptor Desplieque del descriptor de configuración [C:\catalina_base\conf\Catalina\localhost\manager.xml]
17-Jan-2023 08:04:00.674 INFORMACIÓN [main] org.apache.catalina.startup.HostConfig.deployDescriptor Deployment of deployment descriptor [C:\catalina_base\conf\Catalina\localhost\manager.xml] has finished in [59] ms
17-Jan-2023 08:04:00.674 INFORMACIÓN [main] org.apache.catalina.startup.HostConfig.deployDescriptor Desplieque del descriptor de configuración [C:\catalina_base\conf\Catalina\localhost\prueba1.xml]
17-Jan-2023 08:04:00.674 ADVERTENCIA [main] org.apache.catalina.startup.HostConfig.deployDescriptor The path attribute with value [/prueba1] in deployment descriptor [C:\catalina_base\conf\Catalina\localhost\prueba1.xml] has been ignored
17-Jan-2023 08:04:00.736 INFORMACIÓN [main] org.apache.catalina.startup.HostConfig.deployDescriptor Deployment of deployment descriptor [C:\catalina_base\conf\Catalina\localhost\prueba1.xml] has finished in [58] ms
17-Jan-2023 08:04:00.736 INFORMACIÓN [main] org.apache.catalina.startup.HostConfig.deployDescriptor Desplieque del descriptor de configuración [C:\catalina_base\conf\Catalina\localhost\ROOT.xml]
17-Jan-2023 08:04:00.737 ADVERTENCIA [main] org.apache.catalina.startup.HostConfig.deployDescriptor The path attribute with value [] in deployment descriptor [C:\catalina_base\conf\Catalina\localhost\ROOT.xml] has been ignored
17-Jan-2023 08:04:00.771 INFORMACIÓN [main] org.apache.catalina.startup.HostConfig.deployDescriptor Deployment of deployment descriptor [C:\catalina_base\conf\Catalina\localhost\ROOT.xml] has finished in [35] ms
17-Jan-2023 08:04:00.772 INFORMACIÓN [main] org.apache.catalina.startup.HostConfig.deployDescriptor Desplieque del descriptor de configuración [C:\catalina_base\conf\Catalina\localhost\trianguloRectangulo.xml]
17-Jan-2023 08:04:00.776 ADVERTENCIA [main] org.apache.catalina.startup.HostConfig.deployDescriptor The path attribute with value [/trianguloRectangulo] in deployment descriptor [C:\catalina_base\conf\Catalina\localhost\trianguloRectangulo.xml] has been ignored
17-Jan-2023 08:04:01.892 INFORMACIÓN [main] org.apache.jasper.servlet.TldScanner.scanJars Al menos un JAR, que se ha explorado buscando TLDs, aún no contenía TLDs. Activar historial de depuración para este historiador para una completa lista de los JARs que fueron explorados y de los que nos se halló TLDs. Saltarse JARs no necesarios durante la exploración puede dar lugar a una mejora de tiempo significativa en el arranque y compilación de JSP .
17-Jan-2023 08:04:01.940 INFORMACIÓN [main] org.apache.catalina.startup.HostConfig.deployDescriptor Deployment of deployment descriptor [C:\catalina_base\conf\Catalina\localhost\trianguloRectangulo.xml] has finished in [1.169] ms
17-Jan-2023 08:04:01.940 INFORMACIÓN [main] org.apache.catalina.startup.HostConfig.deployDescriptor Desplieque del descriptor de configuración [C:\catalina_base\conf\Catalina\localhost\Webapp01.xml]
17-Jan-2023 08:04:01.942 ADVERTENCIA [main] org.apache.catalina.startup.HostConfig.deployDescriptor The path attribute with value [/Webapp01] in deployment descriptor [C:\catalina_base\conf\Catalina\localhost\Webapp01.xml] has been ignored
17-Jan-2023 08:04:04.199 INFORMACIÓN [main] org.apache.jasper.servlet.TldScanner.scanJars Al menos un JAR, que se ha explorado buscando TLDs, aún no contenía TLDs. Activar historial de depuración para este historiador para una completa lista de los JARs que fueron explorados y de los que nos se halló TLDs. Saltarse JARs no necesarios durante la exploración puede dar lugar a una mejora de tiempo significativa en el arranque y compilación de JSP .
17-Jan-2023 08:04:04.334 INFORMACIÓN [main] org.apache.catalina.startup.HostConfig.deployDescriptor Deployment of deployment descriptor [C:\catalina_base\conf\Catalina\localhost\Webapp01.xml] has finished in [2.393] ms
17-Jan-2023 08:04:04.340 INFORMACIÓN [main] org.apache.coyote.AbstractProtocol.start Starting ProtocolHandler ["http-nio-8080"]
17-Jan-2023 08:04:04.532 INFORMACIÓN [main] org.apache.catalina.startup.Catalina.start Server startup in [12747] milliseconds
17-Jan-2023 08:04:18.792 INFORMACIÓN [http-nio-8080-exec-6] org.apache.catalina.startup.HostConfig.undeploy Repliegue (undeploy) de la aplicación web que tiene como trayectoria de contexto [/Webapp01]
17-Jan-2023 08:04:18.820 INFORMACIÓN [http-nio-8080-exec-2] org.apache.catalina.startup.HostConfig.deployDescriptor Desplieque del descriptor de configuración [C:\catalina_base\conf\Catalina\localhost\Webapp01.xml]
17-Jan-2023 08:04:18.822 ADVERTENCIA [http-nio-8080-exec-2] org.apache.catalina.startup.HostConfig.deployDescriptor The path attribute with value [/Webapp01] in deployment descriptor [C:\catalina_base\conf\Catalina\localhost\Webapp01.xml] has been ignored
17-Jan-2023 08:04:21.772 INFORMACIÓN [http-nio-8080-exec-2] org.apache.jasper.servlet.TldScanner.scanJars Al menos un JAR, que se ha explorado buscando TLDs, aún no contenía TLDs. Activar historial de depuración para este historiador para una completa lista de los JARs que fueron explorados y de los que nos se halló TLDs. Saltarse JARs no necesarios durante la exploración puede dar lugar a una mejora de tiempo significativa en el arranque y compilación de JSP .
17-Jan-2023 08:04:21.820 INFORMACIÓN [http-nio-8080-exec-2] org.apache.catalina.startup.HostConfig.deployDescriptor Deployment of deployment descriptor [C:\catalina_base\conf\Catalina\localhost\Webapp01.xml] has finished in [2.999] ms
17-Jan-2023 08:04:21.824 ADVERTENCIA [http-nio-8080-exec-5] org.apache.catalina.realm.LockOutRealm.filterLockedAccounts Se ha intentado autenticar al usuario bloqueado []
17-Jan-2023 08:04:21.829 INFORMACIÓN [http-nio-8080-exec-9] org.apache.catalina.util.LifecycleBase.start The start() method was called on component [StandardEngine[Catalina].StandardHost[localhost].StandardContext[/Webapp01]] after start() had already been called. The second call will be ignored.
17-Jan-2023 08:04:56.555 ADVERTENCIA [http-nio-8080-exec-14] org.apache.catalina.realm.LockOutRealm.filterLockedAccounts Se ha intentado autenticar al usuario bloqueado []
17-Jan-2023 08:05:09.640 ADVERTENCIA [http-nio-8080-exec-13] org.apache.catalina.realm.LockOutRealm.filterLockedAccounts Se ha intentado autenticar al usuario bloqueado []
17-Jan-2023 08:05:09.670 ADVERTENCIA [http-nio-8080-exec-14] org.apache.catalina.realm.LockOutRealm.filterLockedAccounts Se ha intentado autenticar al usuario bloqueado []
17-Jan-2023 08:05:09.708 ADVERTENCIA [http-nio-8080-exec-15] org.apache.catalina.realm.LockOutRealm.filterLockedAccounts Se ha intentado autenticar al usuario bloqueado []
17-Jan-2023 08:05:10.235 INFORMACIÓN [http-nio-8080-exec-13] org.apache.catalina.startup.HostConfig.undeploy Repliegue (undeploy) de la aplicación web que tiene como trayectoria de contexto [/Webapp01]
17-Jan-2023 08:05:10.247 ADVERTENCIA [http-nio-8080-exec-14] org.apache.catalina.realm.LockOutRealm.filterLockedAccounts Se ha intentado autenticar al usuario bloqueado []
17-Jan-2023 08:05:10.251 INFORMACIÓN [http-nio-8080-exec-5] org.apache.catalina.startup.HostConfig.deployDescriptor Desplieque del descriptor de configuración [C:\catalina_base\conf\Catalina\localhost\Webapp01.xml]
17-Jan-2023 08:05:10.252 ADVERTENCIA [http-nio-8080-exec-5] org.apache.catalina.startup.HostConfig.deployDescriptor The path attribute with value [/Webapp01] in deployment descriptor [C:\catalina_base\conf\Catalina\localhost\Webapp01.xml] has been ignored
17-Jan-2023 08:05:12.057 INFORMACIÓN [http-nio-8080-exec-5] org.apache.jasper.servlet.TldScanner.scanJars Al menos un JAR, que se ha explorado buscando TLDs, aún no contenía TLDs. Activar historial de depuración para este historiador para una completa lista de los JARs que fueron explorados y de los que nos se halló TLDs. Saltarse JARs no necesarios durante la exploración puede dar lugar a una mejora de tiempo significativa en el arranque y compilación de JSP .
17-Jan-2023 08:05:12.106 INFORMACIÓN [http-nio-8080-exec-5] org.apache.catalina.startup.HostConfig.deployDescriptor Deployment of deployment descriptor [C:\catalina_base\conf\Catalina\localhost\Webapp01.xml] has finished in [1.854] ms
17-Jan-2023 08:05:12.110 ADVERTENCIA [http-nio-8080-exec-12] org.apache.catalina.realm.LockOutRealm.filterLockedAccounts Se ha intentado autenticar al usuario bloqueado []
17-Jan-2023 08:05:12.112 INFORMACIÓN [http-nio-8080-exec-8] org.apache.catalina.util.LifecycleBase.start The start() method was called on component [StandardEngine[Catalina].StandardHost[localhost].StandardContext[/Webapp01]] after start() had already been called. The second call will be ignored.
17-Jan-2023 08:07:43.371 ADVERTENCIA [http-nio-8080-exec-16] org.apache.catalina.realm.LockOutRealm.filterLockedAccounts Se ha intentado autenticar al usuario bloqueado []
17-Jan-2023 08:07:57.076 ADVERTENCIA [http-nio-8080-exec-20] org.apache.catalina.realm.LockOutRealm.filterLockedAccounts Se ha intentado autenticar al usuario bloqueado []
17-Jan-2023 08:07:57.090 ADVERTENCIA [http-nio-8080-exec-19] org.apache.catalina.realm.LockOutRealm.filterLockedAccounts Se ha intentado autenticar al usuario bloqueado []
17-Jan-2023 08:07:57.118 ADVERTENCIA [http-nio-8080-exec-22] org.apache.catalina.realm.LockOutRealm.filterLockedAccounts Se ha intentado autenticar al usuario bloqueado []
17-Jan-2023 08:07:57.457 ADVERTENCIA [http-nio-8080-exec-25] org.apache.catalina.realm.LockOutRealm.filterLockedAccounts Se ha intentado autenticar al usuario bloqueado []
17-Jan-2023 08:07:57.646 INFORMACIÓN [http-nio-8080-exec-20] org.apache.catalina.startup.HostConfig.undeploy Repliegue (undeploy) de la aplicación web que tiene como trayectoria de contexto [/Webapp01]
17-Jan-2023 08:07:57.653 ADVERTENCIA [http-nio-8080-exec-24] org.apache.catalina.realm.LockOutRealm.filterLockedAccounts Se ha intentado autenticar al usuario bloqueado []
17-Jan-2023 08:07:57.661 ADVERTENCIA [http-nio-8080-exec-24] org.apache.catalina.realm.LockOutRealm.filterLockedAccounts Se ha intentado autenticar al usuario bloqueado []
17-Jan-2023 08:07:57.673 INFORMACIÓN [http-nio-8080-exec-24] org.apache.catalina.startup.HostConfig.deployDescriptor Desplieque del descriptor de configuración [C:\catalina_base\conf\Catalina\localhost\Webapp01.xml]
17-Jan-2023 08:07:57.675 ADVERTENCIA [http-nio-8080-exec-24] org.apache.catalina.startup.HostConfig.deployDescriptor The path attribute with value [/Webapp01] in deployment descriptor [C:\catalina_base\conf\Catalina\localhost\Webapp01.xml] has been ignored
17-Jan-2023 08:07:59.970 INFORMACIÓN [http-nio-8080-exec-24] org.apache.jasper.servlet.TldScanner.scanJars Al menos un JAR, que se ha explorado buscando TLDs, aún no contenía TLDs. Activar historial de depuración para este historiador para una completa lista de los JARs que fueron explorados y de los que nos se halló TLDs. Saltarse JARs no necesarios durante la exploración puede dar lugar a una mejora de tiempo significativa en el arranque y compilación de JSP .
17-Jan-2023 08:08:00.046 INFORMACIÓN [http-nio-8080-exec-24] org.apache.catalina.startup.HostConfig.deployDescriptor Deployment of deployment descriptor [C:\catalina_base\conf\Catalina\localhost\Webapp01.xml] has finished in [2.373] ms
17-Jan-2023 08:08:00.050 ADVERTENCIA [http-nio-8080-exec-18] org.apache.catalina.realm.LockOutRealm.filterLockedAccounts Se ha intentado autenticar al usuario bloqueado []
17-Jan-2023 08:08:00.054 INFORMACIÓN [http-nio-8080-exec-18] org.apache.catalina.util.LifecycleBase.start The start() method was called on component [StandardEngine[Catalina].StandardHost[localhost].StandardContext[/Webapp01]] after start() had already been called. The second call will be ignored.
17-Jan-2023 08:08:29.676 ADVERTENCIA [http-nio-8080-exec-25] org.apache.catalina.realm.LockOutRealm.filterLockedAccounts Se ha intentado autenticar al usuario bloqueado []
17-Jan-2023 08:08:29.689 ADVERTENCIA [http-nio-8080-exec-28] org.apache.catalina.realm.LockOutRealm.filterLockedAccounts Se ha intentado autenticar al usuario bloqueado []
17-Jan-2023 08:08:29.722 ADVERTENCIA [http-nio-8080-exec-17] org.apache.catalina.realm.LockOutRealm.filterLockedAccounts Se ha intentado autenticar al usuario bloqueado []
17-Jan-2023 08:08:30.239 INFORMACIÓN [http-nio-8080-exec-23] org.apache.catalina.startup.HostConfig.undeploy Repliegue (undeploy) de la aplicación web que tiene como trayectoria de contexto [/Webapp01]
17-Jan-2023 08:08:30.247 ADVERTENCIA [http-nio-8080-exec-27] org.apache.catalina.realm.LockOutRealm.filterLockedAccounts Se ha intentado autenticar al usuario bloqueado []
17-Jan-2023 08:08:30.251 INFORMACIÓN [http-nio-8080-exec-29] org.apache.catalina.startup.HostConfig.deployDescriptor Desplieque del descriptor de configuración [C:\catalina_base\conf\Catalina\localhost\Webapp01.xml]
17-Jan-2023 08:08:30.254 ADVERTENCIA [http-nio-8080-exec-29] org.apache.catalina.startup.HostConfig.deployDescriptor The path attribute with value [/Webapp01] in deployment descriptor [C:\catalina_base\conf\Catalina\localhost\Webapp01.xml] has been ignored
17-Jan-2023 08:08:31.963 INFORMACIÓN [http-nio-8080-exec-29] org.apache.jasper.servlet.TldScanner.scanJars Al menos un JAR, que se ha explorado buscando TLDs, aún no contenía TLDs. Activar historial de depuración para este historiador para una completa lista de los JARs que fueron explorados y de los que nos se halló TLDs. Saltarse JARs no necesarios durante la exploración puede dar lugar a una mejora de tiempo significativa en el arranque y compilación de JSP .
17-Jan-2023 08:08:32.012 INFORMACIÓN [http-nio-8080-exec-29] org.apache.catalina.startup.HostConfig.deployDescriptor Deployment of deployment descriptor [C:\catalina_base\conf\Catalina\localhost\Webapp01.xml] has finished in [1.760] ms
17-Jan-2023 08:08:32.014 ADVERTENCIA [http-nio-8080-exec-18] org.apache.catalina.realm.LockOutRealm.filterLockedAccounts Se ha intentado autenticar al usuario bloqueado []
17-Jan-2023 08:08:32.017 INFORMACIÓN [http-nio-8080-exec-21] org.apache.catalina.util.LifecycleBase.start The start() method was called on component [StandardEngine[Catalina].StandardHost[localhost].StandardContext[/Webapp01]] after start() had already been called. The second call will be ignored.
17-Jan-2023 08:13:57.221 INFORMACIÓN [http-nio-8080-exec-40] org.apache.catalina.startup.HostConfig.undeploy Repliegue (undeploy) de la aplicación web que tiene como trayectoria de contexto [/Webapp01]
17-Jan-2023 08:13:57.806 INFORMACIÓN [Catalina-utility-2] org.apache.catalina.startup.HostConfig.undeploy Repliegue (undeploy) de la aplicación web que tiene como trayectoria de contexto [/Webapp01]
17-Jan-2023 08:14:04.581 ADVERTENCIA [http-nio-8080-exec-35] org.apache.catalina.realm.LockOutRealm.filterLockedAccounts Se ha intentado autenticar al usuario bloqueado []
17-Jan-2023 08:14:04.599 ADVERTENCIA [http-nio-8080-exec-36] org.apache.catalina.realm.LockOutRealm.filterLockedAccounts Se ha intentado autenticar al usuario bloqueado []
17-Jan-2023 08:14:04.617 ADVERTENCIA [http-nio-8080-exec-35] org.apache.catalina.realm.LockOutRealm.filterLockedAccounts Se ha intentado autenticar al usuario bloqueado []
17-Jan-2023 08:14:04.622 INFORMACIÓN [http-nio-8080-exec-35] org.apache.catalina.startup.HostConfig.deployDescriptor Desplieque del descriptor de configuración [C:\catalina_base\conf\Catalina\localhost\Webapp01.xml]
17-Jan-2023 08:14:04.623 ADVERTENCIA [http-nio-8080-exec-35] org.apache.catalina.startup.HostConfig.deployDescriptor The path attribute with value [/Webapp01] in deployment descriptor [C:\catalina_base\conf\Catalina\localhost\Webapp01.xml] has been ignored
17-Jan-2023 08:14:07.403 INFORMACIÓN [http-nio-8080-exec-35] org.apache.jasper.servlet.TldScanner.scanJars Al menos un JAR, que se ha explorado buscando TLDs, aún no contenía TLDs. Activar historial de depuración para este historiador para una completa lista de los JARs que fueron explorados y de los que nos se halló TLDs. Saltarse JARs no necesarios durante la exploración puede dar lugar a una mejora de tiempo significativa en el arranque y compilación de JSP .
17-Jan-2023 08:14:07.451 INFORMACIÓN [http-nio-8080-exec-35] org.apache.catalina.startup.HostConfig.deployDescriptor Deployment of deployment descriptor [C:\catalina_base\conf\Catalina\localhost\Webapp01.xml] has finished in [2.830] ms
17-Jan-2023 08:14:07.454 ADVERTENCIA [http-nio-8080-exec-33] org.apache.catalina.realm.LockOutRealm.filterLockedAccounts Se ha intentado autenticar al usuario bloqueado []
17-Jan-2023 08:14:07.460 INFORMACIÓN [http-nio-8080-exec-37] org.apache.catalina.util.LifecycleBase.start The start() method was called on component [StandardEngine[Catalina].StandardHost[localhost].StandardContext[/Webapp01]] after start() had already been called. The second call will be ignored.
17-Jan-2023 08:14:10.448 ADVERTENCIA [http-nio-8080-exec-39] org.apache.catalina.realm.LockOutRealm.filterLockedAccounts Se ha intentado autenticar al usuario bloqueado []
17-Jan-2023 08:14:18.945 ADVERTENCIA [http-nio-8080-exec-39] org.apache.catalina.realm.LockOutRealm.filterLockedAccounts Se ha intentado autenticar al usuario bloqueado []
17-Jan-2023 08:14:18.958 ADVERTENCIA [http-nio-8080-exec-43] org.apache.catalina.realm.LockOutRealm.filterLockedAccounts Se ha intentado autenticar al usuario bloqueado []
17-Jan-2023 08:14:19.008 ADVERTENCIA [http-nio-8080-exec-33] org.apache.catalina.realm.LockOutRealm.filterLockedAccounts Se ha intentado autenticar al usuario bloqueado []
17-Jan-2023 08:14:19.524 INFORMACIÓN [http-nio-8080-exec-43] org.apache.catalina.startup.HostConfig.undeploy Repliegue (undeploy) de la aplicación web que tiene como trayectoria de contexto [/Webapp01]
17-Jan-2023 08:14:19.533 ADVERTENCIA [http-nio-8080-exec-45] org.apache.catalina.realm.LockOutRealm.filterLockedAccounts Se ha intentado autenticar al usuario bloqueado []
17-Jan-2023 08:14:19.539 INFORMACIÓN [http-nio-8080-exec-45] org.apache.catalina.startup.HostConfig.deployDescriptor Desplieque del descriptor de configuración [C:\catalina_base\conf\Catalina\localhost\Webapp01.xml]
17-Jan-2023 08:14:19.541 ADVERTENCIA [http-nio-8080-exec-45] org.apache.catalina.startup.HostConfig.deployDescriptor The path attribute with value [/Webapp01] in deployment descriptor [C:\catalina_base\conf\Catalina\localhost\Webapp01.xml] has been ignored
17-Jan-2023 08:14:22.020 INFORMACIÓN [http-nio-8080-exec-45] org.apache.jasper.servlet.TldScanner.scanJars Al menos un JAR, que se ha explorado buscando TLDs, aún no contenía TLDs. Activar historial de depuración para este historiador para una completa lista de los JARs que fueron explorados y de los que nos se halló TLDs. Saltarse JARs no necesarios durante la exploración puede dar lugar a una mejora de tiempo significativa en el arranque y compilación de JSP .
17-Jan-2023 08:14:22.073 INFORMACIÓN [http-nio-8080-exec-45] org.apache.catalina.startup.HostConfig.deployDescriptor Deployment of deployment descriptor [C:\catalina_base\conf\Catalina\localhost\Webapp01.xml] has finished in [2.534] ms
17-Jan-2023 08:14:22.080 ADVERTENCIA [http-nio-8080-exec-45] org.apache.catalina.realm.LockOutRealm.filterLockedAccounts Se ha intentado autenticar al usuario bloqueado []
17-Jan-2023 08:14:22.094 INFORMACIÓN [http-nio-8080-exec-31] org.apache.catalina.util.LifecycleBase.start The start() method was called on component [StandardEngine[Catalina].StandardHost[localhost].StandardContext[/Webapp01]] after start() had already been called. The second call will be ignored.
17-Jan-2023 08:21:28.776 ADVERTENCIA [http-nio-8080-exec-52] org.apache.catalina.realm.LockOutRealm.filterLockedAccounts Se ha intentado autenticar al usuario bloqueado []
17-Jan-2023 08:21:36.713 ADVERTENCIA [http-nio-8080-exec-51] org.apache.catalina.realm.LockOutRealm.filterLockedAccounts Se ha intentado autenticar al usuario bloqueado []
17-Jan-2023 08:21:36.723 ADVERTENCIA [http-nio-8080-exec-47] org.apache.catalina.realm.LockOutRealm.filterLockedAccounts Se ha intentado autenticar al usuario bloqueado []
17-Jan-2023 08:21:36.749 ADVERTENCIA [http-nio-8080-exec-55] org.apache.catalina.realm.LockOutRealm.filterLockedAccounts Se ha intentado autenticar al usuario bloqueado []
17-Jan-2023 08:21:37.317 INFORMACIÓN [http-nio-8080-exec-55] org.apache.catalina.startup.HostConfig.undeploy Repliegue (undeploy) de la aplicación web que tiene como trayectoria de contexto [/Webapp01]
17-Jan-2023 08:21:37.324 ADVERTENCIA [http-nio-8080-exec-48] org.apache.catalina.realm.LockOutRealm.filterLockedAccounts Se ha intentado autenticar al usuario bloqueado []
17-Jan-2023 08:21:37.324 INFORMACIÓN [http-nio-8080-exec-53] org.apache.catalina.startup.HostConfig.deployDescriptor Desplieque del descriptor de configuración [C:\catalina_base\conf\Catalina\localhost\Webapp01.xml]
17-Jan-2023 08:21:37.332 ADVERTENCIA [http-nio-8080-exec-53] org.apache.catalina.startup.HostConfig.deployDescriptor The path attribute with value [/Webapp01] in deployment descriptor [C:\catalina_base\conf\Catalina\localhost\Webapp01.xml] has been ignored
17-Jan-2023 08:21:40.285 INFORMACIÓN [http-nio-8080-exec-53] org.apache.jasper.servlet.TldScanner.scanJars Al menos un JAR, que se ha explorado buscando TLDs, aún no contenía TLDs. Activar historial de depuración para este historiador para una completa lista de los JARs que fueron explorados y de los que nos se halló TLDs. Saltarse JARs no necesarios durante la exploración puede dar lugar a una mejora de tiempo significativa en el arranque y compilación de JSP .
17-Jan-2023 08:21:40.359 INFORMACIÓN [http-nio-8080-exec-53] org.apache.catalina.startup.HostConfig.deployDescriptor Deployment of deployment descriptor [C:\catalina_base\conf\Catalina\localhost\Webapp01.xml] has finished in [3.035] ms
17-Jan-2023 08:21:40.362 ADVERTENCIA [75] org.apache.catalina.realm.LockOutRealm.filterLockedAccounts Se ha intentado autenticar al usuario bloqueado []
17-Jan-2023 08:21:40.381 INFORMACIÓN [http-nio-8080-exec-47] org.apache.catalina.util.LifecycleBase.start The start() method was called on component [StandardEngine[Catalina].StandardHost[localhost].StandardContext[/Webapp01]] after start() had already been called. The second call will be ignored.
17-Jan-2023 08:23:12.784 ADVERTENCIA [http-nio-8080-exec-57] org.apache.catalina.realm.LockOutRealm.filterLockedAccounts Se ha intentado autenticar al usuario bloqueado []
17-Jan-2023 08:24:06.545 ADVERTENCIA [http-nio-8080-exec-60] org.apache.catalina.realm.LockOutRealm.filterLockedAccounts Se ha intentado autenticar al usuario bloqueado []
17-Jan-2023 08:24:19.003 ADVERTENCIA [http-nio-8080-exec-58] org.apache.catalina.realm.LockOutRealm.filterLockedAccounts Se ha intentado autenticar al usuario bloqueado []
17-Jan-2023 08:24:19.012 ADVERTENCIA [http-nio-8080-exec-64] org.apache.catalina.realm.LockOutRealm.filterLockedAccounts Se ha intentado autenticar al usuario bloqueado []
17-Jan-2023 08:24:19.036 ADVERTENCIA [http-nio-8080-exec-61] org.apache.catalina.realm.LockOutRealm.filterLockedAccounts Se ha intentado autenticar al usuario bloqueado []
17-Jan-2023 08:24:19.589 INFORMACIÓN [http-nio-8080-exec-61] org.apache.catalina.startup.HostConfig.undeploy Repliegue (undeploy) de la aplicación web que tiene como trayectoria de contexto [/Webapp01]
17-Jan-2023 08:24:19.597 ADVERTENCIA [http-nio-8080-exec-61] org.apache.catalina.realm.LockOutRealm.filterLockedAccounts Se ha intentado autenticar al usuario bloqueado []
17-Jan-2023 08:24:19.602 INFORMACIÓN [http-nio-8080-exec-63] org.apache.catalina.startup.HostConfig.deployDescriptor Desplieque del descriptor de configuración [C:\catalina_base\conf\Catalina\localhost\Webapp01.xml]
17-Jan-2023 08:24:19.603 ADVERTENCIA [http-nio-8080-exec-63] org.apache.catalina.startup.HostConfig.deployDescriptor The path attribute with value [/Webapp01] in deployment descriptor [C:\catalina_base\conf\Catalina\localhost\Webapp01.xml] has been ignored
17-Jan-2023 08:24:22.524 INFORMACIÓN [http-nio-8080-exec-63] org.apache.jasper.servlet.TldScanner.scanJars Al menos un JAR, que se ha explorado buscando TLDs, aún no contenía TLDs. Activar historial de depuración para este historiador para una completa lista de los JARs que fueron explorados y de los que nos se halló TLDs. Saltarse JARs no necesarios durante la exploración puede dar lugar a una mejora de tiempo significativa en el arranque y compilación de JSP .
17-Jan-2023 08:24:22.589 INFORMACIÓN [http-nio-8080-exec-63] org.apache.catalina.startup.HostConfig.deployDescriptor Deployment of deployment descriptor [C:\catalina_base\conf\Catalina\localhost\Webapp01.xml] has finished in [2.987] ms
17-Jan-2023 08:24:22.593 ADVERTENCIA [http-nio-8080-exec-63] org.apache.catalina.realm.LockOutRealm.filterLockedAccounts Se ha intentado autenticar al usuario bloqueado []
17-Jan-2023 08:24:22.597 INFORMACIÓN [http-nio-8080-exec-57] org.apache.catalina.util.LifecycleBase.start The start() method was called on component [StandardEngine[Catalina].StandardHost[localhost].StandardContext[/Webapp01]] after start() had already been called. The second call will be ignored.
17-Jan-2023 08:26:42.158 ADVERTENCIA [http-nio-8080-exec-66] org.apache.catalina.realm.LockOutRealm.filterLockedAccounts Se ha intentado autenticar al usuario bloqueado []
17-Jan-2023 08:26:42.168 ADVERTENCIA [http-nio-8080-exec-71] org.apache.catalina.realm.LockOutRealm.filterLockedAccounts Se ha intentado autenticar al usuario bloqueado []
17-Jan-2023 08:26:42.188 ADVERTENCIA [http-nio-8080-exec-67] org.apache.catalina.realm.LockOutRealm.filterLockedAccounts Se ha intentado autenticar al usuario bloqueado []
17-Jan-2023 08:26:42.695 INFORMACIÓN [http-nio-8080-exec-68] org.apache.catalina.startup.HostConfig.undeploy Repliegue (undeploy) de la aplicación web que tiene como trayectoria de contexto [/Webapp01]
17-Jan-2023 08:26:42.707 ADVERTENCIA [http-nio-8080-exec-66] org.apache.catalina.realm.LockOutRealm.filterLockedAccounts Se ha intentado autenticar al usuario bloqueado []
17-Jan-2023 08:26:42.713 INFORMACIÓN [http-nio-8080-exec-72] org.apache.catalina.startup.HostConfig.deployDescriptor Desplieque del descriptor de configuración [C:\catalina_base\conf\Catalina\localhost\Webapp01.xml]
17-Jan-2023 08:26:42.715 ADVERTENCIA [http-nio-8080-exec-72] org.apache.catalina.startup.HostConfig.deployDescriptor The path attribute with value [/Webapp01] in deployment descriptor [C:\catalina_base\conf\Catalina\localhost\Webapp01.xml] has been ignored
17-Jan-2023 08:26:45.790 INFORMACIÓN [http-nio-8080-exec-72] org.apache.jasper.servlet.TldScanner.scanJars Al menos un JAR, que se ha explorado buscando TLDs, aún no contenía TLDs. Activar historial de depuración para este historiador para una completa lista de los JARs que fueron explorados y de los que nos se halló TLDs. Saltarse JARs no necesarios durante la exploración puede dar lugar a una mejora de tiempo significativa en el arranque y compilación de JSP .
17-Jan-2023 08:26:45.847 INFORMACIÓN [http-nio-8080-exec-72] org.apache.catalina.startup.HostConfig.deployDescriptor Deployment of deployment descriptor [C:\catalina_base\conf\Catalina\localhost\Webapp01.xml] has finished in [3.133] ms
17-Jan-2023 08:26:45.849 ADVERTENCIA [http-nio-8080-exec-62] org.apache.catalina.realm.LockOutRealm.filterLockedAccounts Se ha intentado autenticar al usuario bloqueado []
17-Jan-2023 08:26:45.851 INFORMACIÓN [http-nio-8080-exec-71] org.apache.catalina.util.LifecycleBase.start The start() method was called on component [StandardEngine[Catalina].StandardHost[localhost].StandardContext[/Webapp01]] after start() had already been called. The second call will be ignored.
17-Jan-2023 08:27:27.536 ADVERTENCIA [http-nio-8080-exec-74] org.apache.catalina.realm.LockOutRealm.filterLockedAccounts Se ha intentado autenticar al usuario bloqueado []
17-Jan-2023 08:27:30.721 ADVERTENCIA [http-nio-8080-exec-69] org.apache.catalina.realm.LockOutRealm.filterLockedAccounts Se ha intentado autenticar al usuario bloqueado []
17-Jan-2023 08:27:30.728 ADVERTENCIA [http-nio-8080-exec-73] org.apache.catalina.realm.LockOutRealm.filterLockedAccounts Se ha intentado autenticar al usuario bloqueado []
17-Jan-2023 08:27:30.753 ADVERTENCIA [http-nio-8080-exec-73] org.apache.catalina.realm.LockOutRealm.filterLockedAccounts Se ha intentado autenticar al usuario bloqueado []
17-Jan-2023 08:27:31.334 INFORMACIÓN [http-nio-8080-exec-77] org.apache.catalina.startup.HostConfig.undeploy Repliegue (undeploy) de la aplicación web que tiene como trayectoria de contexto [/Webapp01]
17-Jan-2023 08:27:31.397 ADVERTENCIA [http-nio-8080-exec-74] org.apache.catalina.realm.LockOutRealm.filterLockedAccounts Se ha intentado autenticar al usuario bloqueado []
17-Jan-2023 08:27:31.405 INFORMACIÓN [http-nio-8080-exec-76] org.apache.catalina.startup.HostConfig.deployDescriptor Desplieque del descriptor de configuración [C:\catalina_base\conf\Catalina\localhost\Webapp01.xml]
17-Jan-2023 08:27:31.407 ADVERTENCIA [http-nio-8080-exec-76] org.apache.catalina.startup.HostConfig.deployDescriptor The path attribute with value [/Webapp01] in deployment descriptor [C:\catalina_base\conf\Catalina\localhost\Webapp01.xml] has been ignored
17-Jan-2023 08:27:34.420 INFORMACIÓN [http-nio-8080-exec-76] org.apache.jasper.servlet.TldScanner.scanJars Al menos un JAR, que se ha explorado buscando TLDs, aún no contenía TLDs. Activar historial de depuración para este historiador para una completa lista de los JARs que fueron explorados y de los que nos se halló TLDs. Saltarse JARs no necesarios durante la exploración puede dar lugar a una mejora de tiempo significativa en el arranque y compilación de JSP .
17-Jan-2023 08:27:34.484 INFORMACIÓN [http-nio-8080-exec-76] org.apache.catalina.startup.HostConfig.deployDescriptor Deployment of deployment descriptor [C:\catalina_base\conf\Catalina\localhost\Webapp01.xml] has finished in [3.079] ms
17-Jan-2023 08:27:34.487 ADVERTENCIA [http-nio-8080-exec-62] org.apache.catalina.realm.LockOutRealm.filterLockedAccounts Se ha intentado autenticar al usuario bloqueado []
17-Jan-2023 08:27:34.493 INFORMACIÓN [http-nio-8080-exec-71] org.apache.catalina.util.LifecycleBase.start The start() method was called on component [StandardEngine[Catalina].StandardHost[localhost].StandardContext[/Webapp01]] after start() had already been called. The second call will be ignored.
17-Jan-2023 08:27:47.049 ADVERTENCIA [http-nio-8080-exec-81] org.apache.catalina.realm.LockOutRealm.filterLockedAccounts Se ha intentado autenticar al usuario bloqueado []
17-Jan-2023 08:27:47.062 ADVERTENCIA [http-nio-8080-exec-74] org.apache.catalina.realm.LockOutRealm.filterLockedAccounts Se ha intentado autenticar al usuario bloqueado []
17-Jan-2023 08:27:47.084 ADVERTENCIA [http-nio-8080-exec-75] org.apache.catalina.realm.LockOutRealm.filterLockedAccounts Se ha intentado autenticar al usuario bloqueado []
17-Jan-2023 08:27:47.598 INFORMACIÓN [http-nio-8080-exec-71] org.apache.catalina.startup.HostConfig.undeploy Repliegue (undeploy) de la aplicación web que tiene como trayectoria de contexto [/Webapp01]
17-Jan-2023 08:27:47.617 ADVERTENCIA [http-nio-8080-exec-74] org.apache.catalina.realm.LockOutRealm.filterLockedAccounts Se ha intentado autenticar al usuario bloqueado []
17-Jan-2023 08:27:47.621 INFORMACIÓN [http-nio-8080-exec-82] org.apache.catalina.startup.HostConfig.deployDescriptor Desplieque del descriptor de configuración [C:\catalina_base\conf\Catalina\localhost\Webapp01.xml]
17-Jan-2023 08:27:47.623 ADVERTENCIA [http-nio-8080-exec-82] org.apache.catalina.startup.HostConfig.deployDescriptor The path attribute with value [/Webapp01] in deployment descriptor [C:\catalina_base\conf\Catalina\localhost\Webapp01.xml] has been ignored
17-Jan-2023 08:27:50.114 INFORMACIÓN [http-nio-8080-exec-82] org.apache.jasper.servlet.TldScanner.scanJars Al menos un JAR, que se ha explorado buscando TLDs, aún no contenía TLDs. Activar historial de depuración para este historiador para una completa lista de los JARs que fueron explorados y de los que nos se halló TLDs. Saltarse JARs no necesarios durante la exploración puede dar lugar a una mejora de tiempo significativa en el arranque y compilación de JSP .
17-Jan-2023 08:27:50.183 INFORMACIÓN [http-nio-8080-exec-82] org.apache.catalina.startup.HostConfig.deployDescriptor Deployment of deployment descriptor [C:\catalina_base\conf\Catalina\localhost\Webapp01.xml] has finished in [2.562] ms
17-Jan-2023 08:27:50.187 ADVERTENCIA [http-nio-8080-exec-82] org.apache.catalina.realm.LockOutRealm.filterLockedAccounts Se ha intentado autenticar al usuario bloqueado []
17-Jan-2023 08:27:50.190 INFORMACIÓN [http-nio-8080-exec-80] org.apache.catalina.util.LifecycleBase.start The start() method was called on component [StandardEngine[Catalina].StandardHost[localhost].StandardContext[/Webapp01]] after start() had already been called. The second call will be ignored.
17-Jan-2023 08:37:13.439 INFORMACIÓN [http-nio-8080-exec-93] org.apache.catalina.startup.HostConfig.undeploy Repliegue (undeploy) de la aplicación web que tiene como trayectoria de contexto [/Webapp01]
17-Jan-2023 08:37:13.450 ADVERTENCIA [http-nio-8080-exec-92] org.apache.catalina.realm.LockOutRealm.filterLockedAccounts Se ha intentado autenticar al usuario bloqueado []
17-Jan-2023 08:37:13.457 INFORMACIÓN [http-nio-8080-exec-87] org.apache.catalina.startup.HostConfig.deployDescriptor Desplieque del descriptor de configuración [C:\catalina_base\conf\Catalina\localhost\Webapp01.xml]
17-Jan-2023 08:37:13.458 ADVERTENCIA [http-nio-8080-exec-87] org.apache.catalina.startup.HostConfig.deployDescriptor The path attribute with value [/Webapp01] in deployment descriptor [C:\catalina_base\conf\Catalina\localhost\Webapp01.xml] has been ignored
17-Jan-2023 08:37:15.798 INFORMACIÓN [http-nio-8080-exec-87] org.apache.jasper.servlet.TldScanner.scanJars Al menos un JAR, que se ha explorado buscando TLDs, aún no contenía TLDs. Activar historial de depuración para este historiador para una completa lista de los JARs que fueron explorados y de los que nos se halló TLDs. Saltarse JARs no necesarios durante la exploración puede dar lugar a una mejora de tiempo significativa en el arranque y compilación de JSP .
17-Jan-2023 08:37:15.864 INFORMACIÓN [http-nio-8080-exec-87] org.apache.catalina.startup.HostConfig.deployDescriptor Deployment of deployment descriptor [C:\catalina_base\conf\Catalina\localhost\Webapp01.xml] has finished in [2.406] ms
17-Jan-2023 08:37:15.866 ADVERTENCIA [http-nio-8080-exec-90] org.apache.catalina.realm.LockOutRealm.filterLockedAccounts Se ha intentado autenticar al usuario bloqueado []
17-Jan-2023 08:37:15.874 INFORMACIÓN [http-nio-8080-exec-84] org.apache.catalina.util.LifecycleBase.start The start() method was called on component [StandardEngine[Catalina].StandardHost[localhost].StandardContext[/Webapp01]] after start() had already been called. The second call will be ignored.
17-Jan-2023 08:37:55.163 ADVERTENCIA [http-nio-8080-exec-99] org.apache.catalina.realm.LockOutRealm.filterLockedAccounts Se ha intentado autenticar al usuario bloqueado []
17-Jan-2023 08:38:40.796 ADVERTENCIA [http-nio-8080-exec-89] org.apache.catalina.realm.LockOutRealm.filterLockedAccounts Se ha intentado autenticar al usuario bloqueado []
17-Jan-2023 08:39:08.464 ADVERTENCIA [http-nio-8080-exec-95] org.apache.catalina.realm.LockOutRealm.filterLockedAccounts Se ha intentado autenticar al usuario bloqueado []
17-Jan-2023 08:39:08.791 ADVERTENCIA [http-nio-8080-exec-98] org.apache.catalina.realm.LockOutRealm.filterLockedAccounts Se ha intentado autenticar al usuario bloqueado []
17-Jan-2023 08:39:14.560 ADVERTENCIA [http-nio-8080-exec-101] org.apache.catalina.realm.LockOutRealm.filterLockedAccounts Se ha intentado autenticar al usuario bloqueado []
17-Jan-2023 08:39:14.567 ADVERTENCIA [http-nio-8080-exec-102] org.apache.catalina.realm.LockOutRealm.filterLockedAccounts Se ha intentado autenticar al usuario bloqueado []
17-Jan-2023 08:39:14.592 ADVERTENCIA [http-nio-8080-exec-97] org.apache.catalina.realm.LockOutRealm.filterLockedAccounts Se ha intentado autenticar al usuario bloqueado []
17-Jan-2023 08:39:15.144 INFORMACIÓN [http-nio-8080-exec-98] org.apache.catalina.startup.HostConfig.undeploy Repliegue (undeploy) de la aplicación web que tiene como trayectoria de contexto [/Webapp01]
17-Jan-2023 08:39:15.208 ADVERTENCIA [http-nio-8080-exec-96] org.apache.catalina.realm.LockOutRealm.filterLockedAccounts Se ha intentado autenticar al usuario bloqueado []
17-Jan-2023 08:39:15.214 INFORMACIÓN [http-nio-8080-exec-96] org.apache.catalina.startup.HostConfig.deployDescriptor Desplieque del descriptor de configuración [C:\catalina_base\conf\Catalina\localhost\Webapp01.xml]
17-Jan-2023 08:39:15.218 ADVERTENCIA [http-nio-8080-exec-96] org.apache.catalina.startup.HostConfig.deployDescriptor The path attribute with value [/Webapp01] in deployment descriptor [C:\catalina_base\conf\Catalina\localhost\Webapp01.xml] has been ignored
17-Jan-2023 08:39:18.577 INFORMACIÓN [http-nio-8080-exec-96] org.apache.jasper.servlet.TldScanner.scanJars Al menos un JAR, que se ha explorado buscando TLDs, aún no contenía TLDs. Activar historial de depuración para este historiador para una completa lista de los JARs que fueron explorados y de los que nos se halló TLDs. Saltarse JARs no necesarios durante la exploración puede dar lugar a una mejora de tiempo significativa en el arranque y compilación de JSP .
17-Jan-2023 08:39:18.646 INFORMACIÓN [http-nio-8080-exec-96] org.apache.catalina.startup.HostConfig.deployDescriptor Deployment of deployment descriptor [C:\catalina_base\conf\Catalina\localhost\Webapp01.xml] has finished in [3.431] ms
17-Jan-2023 08:39:18.648 ADVERTENCIA [http-nio-8080-exec-102] org.apache.catalina.realm.LockOutRealm.filterLockedAccounts Se ha intentado autenticar al usuario bloqueado []
17-Jan-2023 08:39:18.651 INFORMACIÓN [http-nio-8080-exec-102] org.apache.catalina.util.LifecycleBase.start The start() method was called on component [StandardEngine[Catalina].StandardHost[localhost].StandardContext[/Webapp01]] after start() had already been called. The second call will be ignored.
17-Jan-2023 09:03:59.620 INFORMACIÓN [main] org.apache.catalina.core.StandardServer.await Se ha recibido un comando de apagado a través del puerto de apagado. Parando la instancia del Servidor.
17-Jan-2023 09:03:59.621 INFORMACIÓN [main] org.apache.coyote.AbstractProtocol.pause Pausing ProtocolHandler ["http-nio-8080"]
17-Jan-2023 09:03:59.647 INFORMACIÓN [main] org.apache.catalina.core.StandardService.stopInternal Parando servicio [Catalina]
17-Jan-2023 09:03:59.690 INFORMACIÓN [main] org.apache.coyote.AbstractProtocol.stop Stopping ProtocolHandler ["http-nio-8080"]
17-Jan-2023 09:03:59.712 INFORMACIÓN [main] org.apache.coyote.AbstractProtocol.destroy Destroying ProtocolHandler ["http-nio-8080"]
